{"message":"cannot find type `T` in this scope","code":{"code":"E0412","explanation":"A used type name is not in scope.\n\nErroneous code examples:\n\n```compile_fail,E0412\nimpl Something {} // error: type name `Something` is not in scope\n\n// or:\n\ntrait Foo {\n    fn bar(N); // error: type name `N` is not in scope\n}\n\n// or:\n\nfn foo(x: T) {} // type name `T` is not in scope\n```\n\nTo fix this error, please verify you didn't misspell the type name, you did\ndeclare it or imported it into the scope. Examples:\n\n```\nstruct Something;\n\nimpl Something {} // ok!\n\n// or:\n\ntrait Foo {\n    type N;\n\n    fn bar(_: Self::N); // ok!\n}\n\n// or:\n\nfn foo<T>(x: T) {} // ok!\n```\n\nAnother case that causes this error is when a type is imported into a parent\nmodule. To fix this, you can follow the suggestion and use File directly or\n`use super::File;` which will import the types from the parent namespace. An\nexample that causes this error is below:\n\n```compile_fail,E0412\nuse std::fs::File;\n\nmod foo {\n    fn some_function(f: File) {}\n}\n```\n\n```\nuse std::fs::File;\n\nmod foo {\n    // either\n    use super::File;\n    // or\n    // use std::fs::File;\n    fn foo(f: File) {}\n}\n# fn main() {} // don't insert it for us; that'll break imports\n```\n"},"level":"error","spans":[{"file_name":"src/main.rs","byte_start":621,"byte_end":622,"line_start":27,"line_end":27,"column_start":29,"column_end":30,"is_primary":true,"text":[{"text":"impl ComputeNorm for Option<T> {}","highlight_start":29,"highlight_end":30}],"label":"not found in this scope","suggested_replacement":null,"suggestion_applicability":null,"expansion":null}],"children":[{"message":"you might be missing a type parameter","code":null,"level":"help","spans":[{"file_name":"src/main.rs","byte_start":597,"byte_end":597,"line_start":27,"line_end":27,"column_start":5,"column_end":5,"is_primary":true,"text":[{"text":"impl ComputeNorm for Option<T> {}","highlight_start":5,"highlight_end":5}],"label":null,"suggested_replacement":"<T>","suggestion_applicability":"MaybeIncorrect","expansion":null}],"children":[],"rendered":null}],"rendered":"\u001b[0m\u001b[1m\u001b[38;5;9merror[E0412]\u001b[0m\u001b[0m\u001b[1m: cannot find type `T` in this scope\u001b[0m\n\u001b[0m  \u001b[0m\u001b[0m\u001b[1m\u001b[38;5;12m--> \u001b[0m\u001b[0msrc/main.rs:27:29\u001b[0m\n\u001b[0m   \u001b[0m\u001b[0m\u001b[1m\u001b[38;5;12m|\u001b[0m\n\u001b[0m\u001b[1m\u001b[38;5;12m27\u001b[0m\u001b[0m \u001b[0m\u001b[0m\u001b[1m\u001b[38;5;12m| \u001b[0m\u001b[0mimpl ComputeNorm for Option<T> {}\u001b[0m\n\u001b[0m   \u001b[0m\u001b[0m\u001b[1m\u001b[38;5;12m| \u001b[0m\u001b[0m    \u001b[0m\u001b[0m\u001b[1m\u001b[38;5;12m-\u001b[0m\u001b[0m                       \u001b[0m\u001b[0m\u001b[1m\u001b[38;5;9m^\u001b[0m\u001b[0m \u001b[0m\u001b[0m\u001b[1m\u001b[38;5;9mnot found in this scope\u001b[0m\n\u001b[0m   \u001b[0m\u001b[0m\u001b[1m\u001b[38;5;12m| \u001b[0m\u001b[0m    \u001b[0m\u001b[0m\u001b[1m\u001b[38;5;12m|\u001b[0m\n\u001b[0m   \u001b[0m\u001b[0m\u001b[1m\u001b[38;5;12m| \u001b[0m\u001b[0m    \u001b[0m\u001b[0m\u001b[1m\u001b[38;5;12mhelp: you might be missing a type parameter: `<T>`\u001b[0m\n\n"}
{"message":"no method named `compute_norm` found for enum `Option` in the current scope","code":{"code":"E0599","explanation":"This error occurs when a method is used on a type which doesn't implement it:\n\nErroneous code example:\n\n```compile_fail,E0599\nstruct Mouth;\n\nlet x = Mouth;\nx.chocolate(); // error: no method named `chocolate` found for type `Mouth`\n               //        in the current scope\n```\n\nIn this case, you need to implement the `chocolate` method to fix the error:\n\n```\nstruct Mouth;\n\nimpl Mouth {\n    fn chocolate(&self) { // We implement the `chocolate` method here.\n        println!(\"Hmmm! I love chocolate!\");\n    }\n}\n\nlet x = Mouth;\nx.chocolate(); // ok!\n```\n"},"level":"error","spans":[{"file_name":"src/main.rs","byte_start":1584,"byte_end":1596,"line_start":59,"line_end":59,"column_start":50,"column_end":62,"is_primary":true,"text":[{"text":"    println!(\"norm of the hello: {}\", somestring.compute_norm());","highlight_start":50,"highlight_end":62}],"label":"method not found in `Option<String>`","suggested_replacement":null,"suggestion_applicability":null,"expansion":null}],"children":[{"message":"items from traits can only be used if the trait is implemented and in scope","code":null,"level":"help","spans":[],"children":[],"rendered":null},{"message":"`ComputeNorm` defines an item `compute_norm`, perhaps you need to implement it","code":null,"level":"note","spans":[{"file_name":"src/main.rs","byte_start":280,"byte_end":301,"line_start":17,"line_end":17,"column_start":1,"column_end":22,"is_primary":true,"text":[{"text":"pub trait ComputeNorm {","highlight_start":1,"highlight_end":22}],"label":null,"suggested_replacement":null,"suggestion_applicability":null,"expansion":null}],"children":[],"rendered":null}],"rendered":"\u001b[0m\u001b[1m\u001b[38;5;9merror[E0599]\u001b[0m\u001b[0m\u001b[1m: no method named `compute_norm` found for enum `Option` in the current scope\u001b[0m\n\u001b[0m  \u001b[0m\u001b[0m\u001b[1m\u001b[38;5;12m--> \u001b[0m\u001b[0msrc/main.rs:59:50\u001b[0m\n\u001b[0m   \u001b[0m\u001b[0m\u001b[1m\u001b[38;5;12m|\u001b[0m\n\u001b[0m\u001b[1m\u001b[38;5;12m59\u001b[0m\u001b[0m \u001b[0m\u001b[0m\u001b[1m\u001b[38;5;12m| \u001b[0m\u001b[0m    println!(\"norm of the hello: {}\", somestring.compute_norm());\u001b[0m\n\u001b[0m   \u001b[0m\u001b[0m\u001b[1m\u001b[38;5;12m| \u001b[0m\u001b[0m                                                 \u001b[0m\u001b[0m\u001b[1m\u001b[38;5;9m^^^^^^^^^^^^\u001b[0m\u001b[0m \u001b[0m\u001b[0m\u001b[1m\u001b[38;5;9mmethod not found in `Option<String>`\u001b[0m\n\u001b[0m   \u001b[0m\u001b[0m\u001b[1m\u001b[38;5;12m|\u001b[0m\n\u001b[0m   \u001b[0m\u001b[0m\u001b[1m\u001b[38;5;12m= \u001b[0m\u001b[0m\u001b[1mhelp\u001b[0m\u001b[0m: items from traits can only be used if the trait is implemented and in scope\u001b[0m\n\u001b[0m\u001b[1m\u001b[38;5;10mnote\u001b[0m\u001b[0m: `ComputeNorm` defines an item `compute_norm`, perhaps you need to implement it\u001b[0m\n\u001b[0m  \u001b[0m\u001b[0m\u001b[1m\u001b[38;5;12m--> \u001b[0m\u001b[0msrc/main.rs:17:1\u001b[0m\n\u001b[0m   \u001b[0m\u001b[0m\u001b[1m\u001b[38;5;12m|\u001b[0m\n\u001b[0m\u001b[1m\u001b[38;5;12m17\u001b[0m\u001b[0m \u001b[0m\u001b[0m\u001b[1m\u001b[38;5;12m| \u001b[0m\u001b[0mpub trait ComputeNorm {\u001b[0m\n\u001b[0m   \u001b[0m\u001b[0m\u001b[1m\u001b[38;5;12m| \u001b[0m\u001b[0m\u001b[1m\u001b[38;5;10m^^^^^^^^^^^^^^^^^^^^^\u001b[0m\n\n"}
{"message":"no method named `compute_norm` found for enum `Option` in the current scope","code":{"code":"E0599","explanation":"This error occurs when a method is used on a type which doesn't implement it:\n\nErroneous code example:\n\n```compile_fail,E0599\nstruct Mouth;\n\nlet x = Mouth;\nx.chocolate(); // error: no method named `chocolate` found for type `Mouth`\n               //        in the current scope\n```\n\nIn this case, you need to implement the `chocolate` method to fix the error:\n\n```\nstruct Mouth;\n\nimpl Mouth {\n    fn chocolate(&self) { // We implement the `chocolate` method here.\n        println!(\"Hmmm! I love chocolate!\");\n    }\n}\n\nlet x = Mouth;\nx.chocolate(); // ok!\n```\n"},"level":"error","spans":[{"file_name":"src/main.rs","byte_start":1697,"byte_end":1709,"line_start":61,"line_end":61,"column_start":47,"column_end":59,"is_primary":true,"text":[{"text":"    println!(\"norm of some_opt: {}\", some_opt.compute_norm());","highlight_start":47,"highlight_end":59}],"label":"method not found in `Option<{integer}>`","suggested_replacement":null,"suggestion_applicability":null,"expansion":null}],"children":[{"message":"items from traits can only be used if the trait is implemented and in scope","code":null,"level":"help","spans":[],"children":[],"rendered":null},{"message":"`ComputeNorm` defines an item `compute_norm`, perhaps you need to implement it","code":null,"level":"note","spans":[{"file_name":"src/main.rs","byte_start":280,"byte_end":301,"line_start":17,"line_end":17,"column_start":1,"column_end":22,"is_primary":true,"text":[{"text":"pub trait ComputeNorm {","highlight_start":1,"highlight_end":22}],"label":null,"suggested_replacement":null,"suggestion_applicability":null,"expansion":null}],"children":[],"rendered":null}],"rendered":"\u001b[0m\u001b[1m\u001b[38;5;9merror[E0599]\u001b[0m\u001b[0m\u001b[1m: no method named `compute_norm` found for enum `Option` in the current scope\u001b[0m\n\u001b[0m  \u001b[0m\u001b[0m\u001b[1m\u001b[38;5;12m--> \u001b[0m\u001b[0msrc/main.rs:61:47\u001b[0m\n\u001b[0m   \u001b[0m\u001b[0m\u001b[1m\u001b[38;5;12m|\u001b[0m\n\u001b[0m\u001b[1m\u001b[38;5;12m61\u001b[0m\u001b[0m \u001b[0m\u001b[0m\u001b[1m\u001b[38;5;12m| \u001b[0m\u001b[0m    println!(\"norm of some_opt: {}\", some_opt.compute_norm());\u001b[0m\n\u001b[0m   \u001b[0m\u001b[0m\u001b[1m\u001b[38;5;12m| \u001b[0m\u001b[0m                                              \u001b[0m\u001b[0m\u001b[1m\u001b[38;5;9m^^^^^^^^^^^^\u001b[0m\u001b[0m \u001b[0m\u001b[0m\u001b[1m\u001b[38;5;9mmethod not found in `Option<{integer}>`\u001b[0m\n\u001b[0m   \u001b[0m\u001b[0m\u001b[1m\u001b[38;5;12m|\u001b[0m\n\u001b[0m   \u001b[0m\u001b[0m\u001b[1m\u001b[38;5;12m= \u001b[0m\u001b[0m\u001b[1mhelp\u001b[0m\u001b[0m: items from traits can only be used if the trait is implemented and in scope\u001b[0m\n\u001b[0m\u001b[1m\u001b[38;5;10mnote\u001b[0m\u001b[0m: `ComputeNorm` defines an item `compute_norm`, perhaps you need to implement it\u001b[0m\n\u001b[0m  \u001b[0m\u001b[0m\u001b[1m\u001b[38;5;12m--> \u001b[0m\u001b[0msrc/main.rs:17:1\u001b[0m\n\u001b[0m   \u001b[0m\u001b[0m\u001b[1m\u001b[38;5;12m|\u001b[0m\n\u001b[0m\u001b[1m\u001b[38;5;12m17\u001b[0m\u001b[0m \u001b[0m\u001b[0m\u001b[1m\u001b[38;5;12m| \u001b[0m\u001b[0mpub trait ComputeNorm {\u001b[0m\n\u001b[0m   \u001b[0m\u001b[0m\u001b[1m\u001b[38;5;12m| \u001b[0m\u001b[0m\u001b[1m\u001b[38;5;10m^^^^^^^^^^^^^^^^^^^^^\u001b[0m\n\n"}
{"message":"aborting due to 3 previous errors","code":null,"level":"error","spans":[],"children":[],"rendered":"\u001b[0m\u001b[1m\u001b[38;5;9merror\u001b[0m\u001b[0m\u001b[1m: aborting due to 3 previous errors\u001b[0m\n\n"}
{"message":"Some errors have detailed explanations: E0412, E0599.","code":null,"level":"failure-note","spans":[],"children":[],"rendered":"\u001b[0m\u001b[1mSome errors have detailed explanations: E0412, E0599.\u001b[0m\n"}
{"message":"For more information about an error, try `rustc --explain E0412`.","code":null,"level":"failure-note","spans":[],"children":[],"rendered":"\u001b[0m\u001b[1mFor more information about an error, try `rustc --explain E0412`.\u001b[0m\n"}
